<?xml version="1.0" ?>
<coverage version="7.10.7" timestamp="1760558825870" lines-valid="2343" lines-covered="760" line-rate="0.3244" branches-covered="0" branches-valid="0" branch-rate="0" complexity="0">
	<!-- Generated by coverage.py: https://coverage.readthedocs.io/en/7.10.7 -->
	<!-- Based on https://raw.githubusercontent.com/cobertura/web/master/htdocs/xml/coverage-04.dtd -->
	<sources>
		<source>H:\github\reserve_flow_ai_2026\backend</source>
	</sources>
	<packages>
		<package name="." line-rate="0.297" branch-rate="0" complexity="0">
			<classes>
				<class name="database.py" filename="database.py" complexity="0" line-rate="0.06727" branch-rate="0">
					<methods/>
					<lines>
						<line number="7" hits="1"/>
						<line number="8" hits="1"/>
						<line number="9" hits="1"/>
						<line number="11" hits="1"/>
						<line number="12" hits="1"/>
						<line number="14" hits="1"/>
						<line number="15" hits="1"/>
						<line number="61" hits="1"/>
						<line number="66" hits="1"/>
						<line number="68" hits="1"/>
						<line number="84" hits="1"/>
						<line number="88" hits="1"/>
						<line number="89" hits="1"/>
						<line number="90" hits="1"/>
						<line number="91" hits="1"/>
						<line number="93" hits="1"/>
						<line number="99" hits="1"/>
						<line number="100" hits="1"/>
						<line number="101" hits="0"/>
						<line number="105" hits="1"/>
						<line number="108" hits="1"/>
						<line number="109" hits="1"/>
						<line number="112" hits="0"/>
						<line number="117" hits="0"/>
						<line number="118" hits="0"/>
						<line number="119" hits="0"/>
						<line number="121" hits="0"/>
						<line number="122" hits="0"/>
						<line number="123" hits="0"/>
						<line number="126" hits="0"/>
						<line number="127" hits="0"/>
						<line number="128" hits="0"/>
						<line number="133" hits="1"/>
						<line number="134" hits="0"/>
						<line number="135" hits="0"/>
						<line number="140" hits="0"/>
						<line number="149" hits="0"/>
						<line number="150" hits="0"/>
						<line number="153" hits="0"/>
						<line number="155" hits="0"/>
						<line number="160" hits="0"/>
						<line number="162" hits="0"/>
						<line number="165" hits="0"/>
						<line number="166" hits="0"/>
						<line number="167" hits="0"/>
						<line number="173" hits="0"/>
						<line number="182" hits="0"/>
						<line number="183" hits="0"/>
						<line number="184" hits="0"/>
						<line number="185" hits="0"/>
						<line number="186" hits="0"/>
						<line number="189" hits="0"/>
						<line number="191" hits="0"/>
						<line number="193" hits="1"/>
						<line number="197" hits="0"/>
						<line number="198" hits="0"/>
						<line number="200" hits="0"/>
						<line number="210" hits="0"/>
						<line number="211" hits="0"/>
						<line number="212" hits="0"/>
						<line number="213" hits="0"/>
						<line number="214" hits="0"/>
						<line number="219" hits="0"/>
						<line number="220" hits="0"/>
						<line number="223" hits="0"/>
						<line number="224" hits="0"/>
						<line number="225" hits="0"/>
						<line number="226" hits="0"/>
						<line number="235" hits="0"/>
						<line number="236" hits="0"/>
						<line number="238" hits="0"/>
						<line number="239" hits="0"/>
						<line number="240" hits="0"/>
						<line number="243" hits="0"/>
						<line number="244" hits="0"/>
						<line number="246" hits="1"/>
						<line number="251" hits="0"/>
						<line number="252" hits="0"/>
						<line number="253" hits="0"/>
						<line number="263" hits="0"/>
						<line number="264" hits="0"/>
						<line number="265" hits="0"/>
						<line number="271" hits="0"/>
						<line number="272" hits="0"/>
						<line number="277" hits="0"/>
						<line number="278" hits="0"/>
						<line number="281" hits="0"/>
						<line number="282" hits="0"/>
						<line number="283" hits="0"/>
						<line number="284" hits="0"/>
						<line number="293" hits="0"/>
						<line number="294" hits="0"/>
						<line number="296" hits="0"/>
						<line number="297" hits="0"/>
						<line number="298" hits="0"/>
						<line number="301" hits="0"/>
						<line number="302" hits="0"/>
						<line number="305" hits="1"/>
						<line number="308" hits="0"/>
						<line number="310" hits="0"/>
						<line number="312" hits="0"/>
						<line number="313" hits="0"/>
						<line number="327" hits="0"/>
						<line number="328" hits="0"/>
						<line number="330" hits="0"/>
						<line number="331" hits="0"/>
						<line number="336" hits="0"/>
						<line number="346" hits="0"/>
						<line number="348" hits="0"/>
						<line number="349" hits="0"/>
						<line number="351" hits="0"/>
						<line number="352" hits="0"/>
						<line number="353" hits="0"/>
						<line number="356" hits="0"/>
						<line number="357" hits="0"/>
						<line number="359" hits="1"/>
						<line number="363" hits="0"/>
						<line number="364" hits="0"/>
						<line number="366" hits="0"/>
						<line number="367" hits="0"/>
						<line number="381" hits="0"/>
						<line number="382" hits="0"/>
						<line number="383" hits="0"/>
						<line number="384" hits="0"/>
						<line number="389" hits="0"/>
						<line number="399" hits="0"/>
						<line number="400" hits="0"/>
						<line number="402" hits="0"/>
						<line number="403" hits="0"/>
						<line number="404" hits="0"/>
						<line number="407" hits="0"/>
						<line number="408" hits="0"/>
						<line number="410" hits="1"/>
						<line number="411" hits="0"/>
						<line number="413" hits="0"/>
						<line number="415" hits="0"/>
						<line number="427" hits="0"/>
						<line number="428" hits="0"/>
						<line number="429" hits="0"/>
						<line number="430" hits="0"/>
						<line number="431" hits="0"/>
						<line number="432" hits="0"/>
						<line number="433" hits="0"/>
						<line number="434" hits="0"/>
						<line number="435" hits="0"/>
						<line number="436" hits="0"/>
						<line number="439" hits="0"/>
						<line number="440" hits="0"/>
						<line number="442" hits="1"/>
						<line number="447" hits="0"/>
						<line number="448" hits="0"/>
						<line number="449" hits="0"/>
						<line number="450" hits="0"/>
						<line number="453" hits="0"/>
						<line number="458" hits="0"/>
						<line number="460" hits="0"/>
						<line number="474" hits="0"/>
						<line number="475" hits="0"/>
						<line number="476" hits="0"/>
						<line number="483" hits="0"/>
						<line number="484" hits="0"/>
						<line number="485" hits="0"/>
						<line number="486" hits="0"/>
						<line number="489" hits="0"/>
						<line number="490" hits="0"/>
						<line number="491" hits="0"/>
						<line number="494" hits="0"/>
						<line number="495" hits="0"/>
						<line number="497" hits="1"/>
						<line number="499" hits="0"/>
						<line number="500" hits="0"/>
						<line number="502" hits="0"/>
						<line number="503" hits="0"/>
						<line number="510" hits="0"/>
						<line number="511" hits="0"/>
						<line number="513" hits="0"/>
						<line number="514" hits="0"/>
						<line number="515" hits="0"/>
						<line number="518" hits="0"/>
						<line number="519" hits="0"/>
						<line number="522" hits="1"/>
						<line number="532" hits="0"/>
						<line number="533" hits="0"/>
						<line number="535" hits="0"/>
						<line number="537" hits="0"/>
						<line number="544" hits="0"/>
						<line number="545" hits="0"/>
						<line number="547" hits="0"/>
						<line number="560" hits="0"/>
						<line number="561" hits="0"/>
						<line number="563" hits="0"/>
						<line number="565" hits="0"/>
						<line number="567" hits="0"/>
						<line number="569" hits="0"/>
						<line number="570" hits="0"/>
						<line number="572" hits="0"/>
						<line number="573" hits="0"/>
						<line number="574" hits="0"/>
						<line number="575" hits="0"/>
						<line number="577" hits="0"/>
						<line number="580" hits="0"/>
						<line number="582" hits="0"/>
						<line number="583" hits="0"/>
						<line number="585" hits="0"/>
						<line number="586" hits="0"/>
						<line number="587" hits="0"/>
						<line number="590" hits="0"/>
						<line number="591" hits="0"/>
						<line number="593" hits="1"/>
						<line number="596" hits="0"/>
						<line number="598" hits="0"/>
						<line number="600" hits="0"/>
						<line number="611" hits="0"/>
						<line number="613" hits="0"/>
						<line number="620" hits="0"/>
						<line number="621" hits="0"/>
						<line number="623" hits="0"/>
						<line number="624" hits="0"/>
						<line number="625" hits="0"/>
						<line number="626" hits="0"/>
						<line number="629" hits="0"/>
						<line number="640" hits="0"/>
						<line number="642" hits="0"/>
						<line number="643" hits="0"/>
						<line number="644" hits="0"/>
						<line number="645" hits="0"/>
						<line number="646" hits="0"/>
						<line number="647" hits="0"/>
						<line number="650" hits="0"/>
						<line number="651" hits="0"/>
						<line number="653" hits="1"/>
						<line number="659" hits="0"/>
						<line number="660" hits="0"/>
						<line number="661" hits="0"/>
						<line number="662" hits="0"/>
						<line number="663" hits="0"/>
						<line number="665" hits="0"/>
						<line number="677" hits="0"/>
						<line number="679" hits="0"/>
						<line number="687" hits="0"/>
						<line number="688" hits="0"/>
						<line number="690" hits="0"/>
						<line number="691" hits="0"/>
						<line number="697" hits="0"/>
						<line number="698" hits="0"/>
						<line number="701" hits="0"/>
						<line number="712" hits="0"/>
						<line number="714" hits="0"/>
						<line number="715" hits="0"/>
						<line number="716" hits="0"/>
						<line number="717" hits="0"/>
						<line number="718" hits="0"/>
						<line number="719" hits="0"/>
						<line number="722" hits="0"/>
						<line number="723" hits="0"/>
						<line number="725" hits="1"/>
						<line number="727" hits="0"/>
						<line number="728" hits="0"/>
						<line number="730" hits="0"/>
						<line number="732" hits="0"/>
						<line number="740" hits="0"/>
						<line number="741" hits="0"/>
						<line number="744" hits="0"/>
						<line number="746" hits="0"/>
						<line number="752" hits="0"/>
						<line number="754" hits="0"/>
						<line number="762" hits="0"/>
						<line number="764" hits="0"/>
						<line number="765" hits="0"/>
						<line number="766" hits="0"/>
						<line number="767" hits="0"/>
						<line number="768" hits="0"/>
						<line number="769" hits="0"/>
						<line number="772" hits="0"/>
						<line number="773" hits="0"/>
						<line number="776" hits="1"/>
						<line number="780" hits="0"/>
						<line number="781" hits="0"/>
						<line number="783" hits="0"/>
						<line number="785" hits="0"/>
						<line number="792" hits="0"/>
						<line number="793" hits="0"/>
						<line number="795" hits="0"/>
						<line number="801" hits="0"/>
						<line number="802" hits="0"/>
						<line number="803" hits="0"/>
						<line number="804" hits="0"/>
						<line number="805" hits="0"/>
						<line number="808" hits="0"/>
						<line number="809" hits="0"/>
						<line number="811" hits="1"/>
						<line number="814" hits="0"/>
						<line number="816" hits="0"/>
						<line number="818" hits="0"/>
						<line number="827" hits="0"/>
						<line number="829" hits="0"/>
						<line number="836" hits="0"/>
						<line number="837" hits="0"/>
						<line number="839" hits="0"/>
						<line number="840" hits="0"/>
						<line number="841" hits="0"/>
						<line number="842" hits="0"/>
						<line number="843" hits="0"/>
						<line number="844" hits="0"/>
						<line number="845" hits="0"/>
						<line number="846" hits="0"/>
						<line number="847" hits="0"/>
						<line number="850" hits="0"/>
						<line number="851" hits="0"/>
						<line number="853" hits="1"/>
						<line number="856" hits="0"/>
						<line number="858" hits="0"/>
						<line number="866" hits="0"/>
						<line number="867" hits="0"/>
						<line number="869" hits="0"/>
						<line number="870" hits="0"/>
						<line number="876" hits="0"/>
						<line number="877" hits="0"/>
						<line number="878" hits="0"/>
						<line number="879" hits="0"/>
						<line number="880" hits="0"/>
						<line number="881" hits="0"/>
						<line number="882" hits="0"/>
						<line number="885" hits="0"/>
						<line number="886" hits="0"/>
						<line number="888" hits="1"/>
						<line number="889" hits="0"/>
						<line number="891" hits="0"/>
						<line number="899" hits="0"/>
						<line number="900" hits="0"/>
						<line number="902" hits="0"/>
						<line number="905" hits="0"/>
						<line number="906" hits="0"/>
						<line number="907" hits="0"/>
						<line number="908" hits="0"/>
						<line number="909" hits="0"/>
						<line number="912" hits="0"/>
						<line number="913" hits="0"/>
						<line number="916" hits="1"/>
						<line number="918" hits="0"/>
						<line number="919" hits="0"/>
						<line number="926" hits="0"/>
						<line number="928" hits="0"/>
						<line number="935" hits="0"/>
						<line number="936" hits="0"/>
						<line number="944" hits="0"/>
						<line number="950" hits="0"/>
						<line number="952" hits="0"/>
						<line number="953" hits="0"/>
						<line number="954" hits="0"/>
						<line number="957" hits="0"/>
						<line number="958" hits="0"/>
						<line number="959" hits="0"/>
						<line number="960" hits="0"/>
						<line number="961" hits="0"/>
						<line number="966" hits="0"/>
						<line number="967" hits="0"/>
						<line number="971" hits="0"/>
						<line number="972" hits="0"/>
						<line number="973" hits="0"/>
						<line number="974" hits="0"/>
						<line number="978" hits="0"/>
						<line number="984" hits="0"/>
						<line number="992" hits="0"/>
						<line number="993" hits="0"/>
						<line number="999" hits="0"/>
						<line number="1002" hits="0"/>
						<line number="1003" hits="0"/>
						<line number="1005" hits="1"/>
						<line number="1007" hits="0"/>
						<line number="1008" hits="0"/>
						<line number="1016" hits="0"/>
						<line number="1018" hits="0"/>
						<line number="1025" hits="0"/>
						<line number="1026" hits="0"/>
						<line number="1034" hits="0"/>
						<line number="1035" hits="0"/>
						<line number="1038" hits="0"/>
						<line number="1039" hits="0"/>
						<line number="1041" hits="0"/>
						<line number="1044" hits="0"/>
						<line number="1046" hits="0"/>
						<line number="1047" hits="0"/>
						<line number="1048" hits="0"/>
						<line number="1051" hits="0"/>
						<line number="1052" hits="0"/>
						<line number="1055" hits="0"/>
						<line number="1056" hits="0"/>
						<line number="1060" hits="0"/>
						<line number="1067" hits="0"/>
						<line number="1075" hits="0"/>
						<line number="1076" hits="0"/>
						<line number="1083" hits="0"/>
						<line number="1086" hits="0"/>
						<line number="1087" hits="0"/>
						<line number="1090" hits="1"/>
						<line number="1092" hits="0"/>
						<line number="1093" hits="0"/>
						<line number="1095" hits="0"/>
						<line number="1096" hits="0"/>
						<line number="1097" hits="0"/>
						<line number="1098" hits="0"/>
						<line number="1099" hits="0"/>
						<line number="1100" hits="0"/>
						<line number="1101" hits="0"/>
						<line number="1104" hits="0"/>
						<line number="1105" hits="0"/>
						<line number="1107" hits="1"/>
						<line number="1111" hits="0"/>
						<line number="1112" hits="0"/>
						<line number="1114" hits="0"/>
						<line number="1116" hits="0"/>
						<line number="1123" hits="0"/>
						<line number="1124" hits="0"/>
						<line number="1127" hits="0"/>
						<line number="1134" hits="0"/>
						<line number="1135" hits="0"/>
						<line number="1137" hits="0"/>
						<line number="1139" hits="0"/>
						<line number="1147" hits="0"/>
						<line number="1151" hits="0"/>
						<line number="1152" hits="0"/>
						<line number="1153" hits="0"/>
						<line number="1154" hits="0"/>
						<line number="1155" hits="0"/>
						<line number="1156" hits="0"/>
						<line number="1157" hits="0"/>
						<line number="1160" hits="0"/>
						<line number="1161" hits="0"/>
						<line number="1163" hits="1"/>
						<line number="1167" hits="0"/>
						<line number="1168" hits="0"/>
						<line number="1170" hits="0"/>
						<line number="1172" hits="0"/>
						<line number="1179" hits="0"/>
						<line number="1180" hits="0"/>
						<line number="1182" hits="0"/>
						<line number="1188" hits="0"/>
						<line number="1189" hits="0"/>
						<line number="1190" hits="0"/>
						<line number="1191" hits="0"/>
						<line number="1192" hits="0"/>
						<line number="1193" hits="0"/>
						<line number="1194" hits="0"/>
						<line number="1197" hits="0"/>
						<line number="1198" hits="0"/>
						<line number="1201" hits="1"/>
						<line number="1205" hits="0"/>
						<line number="1206" hits="0"/>
						<line number="1208" hits="0"/>
						<line number="1209" hits="0"/>
						<line number="1210" hits="0"/>
						<line number="1211" hits="0"/>
						<line number="1212" hits="0"/>
						<line number="1213" hits="0"/>
						<line number="1214" hits="0"/>
						<line number="1215" hits="0"/>
						<line number="1216" hits="0"/>
						<line number="1217" hits="0"/>
						<line number="1220" hits="0"/>
						<line number="1221" hits="0"/>
						<line number="1224" hits="1"/>
						<line number="1228" hits="0"/>
						<line number="1229" hits="0"/>
						<line number="1231" hits="0"/>
						<line number="1242" hits="0"/>
						<line number="1243" hits="0"/>
						<line number="1244" hits="0"/>
						<line number="1245" hits="0"/>
						<line number="1246" hits="0"/>
						<line number="1247" hits="0"/>
						<line number="1248" hits="0"/>
						<line number="1249" hits="0"/>
						<line number="1250" hits="0"/>
						<line number="1251" hits="0"/>
						<line number="1254" hits="0"/>
						<line number="1255" hits="0"/>
						<line number="1257" hits="1"/>
						<line number="1266" hits="0"/>
						<line number="1267" hits="0"/>
						<line number="1269" hits="0"/>
						<line number="1271" hits="0"/>
						<line number="1278" hits="0"/>
						<line number="1279" hits="0"/>
						<line number="1281" hits="0"/>
						<line number="1284" hits="0"/>
						<line number="1285" hits="0"/>
						<line number="1287" hits="0"/>
						<line number="1292" hits="0"/>
						<line number="1293" hits="0"/>
						<line number="1294" hits="0"/>
						<line number="1295" hits="0"/>
						<line number="1296" hits="0"/>
						<line number="1299" hits="0"/>
						<line number="1300" hits="0"/>
						<line number="1303" hits="1"/>
						<line number="1307" hits="0"/>
						<line number="1308" hits="0"/>
						<line number="1310" hits="0"/>
						<line number="1311" hits="0"/>
						<line number="1320" hits="0"/>
						<line number="1322" hits="0"/>
						<line number="1329" hits="0"/>
						<line number="1330" hits="0"/>
						<line number="1332" hits="0"/>
						<line number="1333" hits="0"/>
						<line number="1334" hits="0"/>
						<line number="1335" hits="0"/>
						<line number="1337" hits="0"/>
						<line number="1348" hits="0"/>
						<line number="1350" hits="0"/>
						<line number="1351" hits="0"/>
						<line number="1352" hits="0"/>
						<line number="1353" hits="0"/>
						<line number="1354" hits="0"/>
						<line number="1355" hits="0"/>
						<line number="1358" hits="0"/>
						<line number="1359" hits="0"/>
						<line number="1361" hits="1"/>
						<line number="1370" hits="0"/>
						<line number="1371" hits="0"/>
						<line number="1373" hits="0"/>
						<line number="1375" hits="0"/>
						<line number="1382" hits="0"/>
						<line number="1383" hits="0"/>
						<line number="1385" hits="0"/>
						<line number="1388" hits="0"/>
						<line number="1389" hits="0"/>
						<line number="1391" hits="0"/>
						<line number="1396" hits="0"/>
						<line number="1397" hits="0"/>
						<line number="1398" hits="0"/>
						<line number="1399" hits="0"/>
						<line number="1400" hits="0"/>
						<line number="1403" hits="0"/>
						<line number="1404" hits="0"/>
						<line number="1406" hits="1"/>
						<line number="1408" hits="0"/>
						<line number="1409" hits="0"/>
						<line number="1411" hits="0"/>
						<line number="1413" hits="0"/>
						<line number="1421" hits="0"/>
						<line number="1422" hits="0"/>
						<line number="1423" hits="0"/>
						<line number="1424" hits="0"/>
						<line number="1425" hits="0"/>
						<line number="1426" hits="0"/>
						<line number="1427" hits="0"/>
						<line number="1430" hits="0"/>
						<line number="1431" hits="0"/>
						<line number="1433" hits="1"/>
						<line number="1437" hits="0"/>
						<line number="1438" hits="0"/>
						<line number="1439" hits="0"/>
						<line number="1448" hits="0"/>
						<line number="1450" hits="0"/>
						<line number="1458" hits="0"/>
						<line number="1459" hits="0"/>
						<line number="1461" hits="0"/>
						<line number="1462" hits="0"/>
						<line number="1468" hits="0"/>
						<line number="1469" hits="0"/>
						<line number="1472" hits="0"/>
						<line number="1483" hits="0"/>
						<line number="1485" hits="0"/>
						<line number="1486" hits="0"/>
						<line number="1487" hits="0"/>
						<line number="1488" hits="0"/>
						<line number="1489" hits="0"/>
						<line number="1490" hits="0"/>
						<line number="1493" hits="0"/>
						<line number="1494" hits="0"/>
						<line number="1496" hits="1"/>
						<line number="1498" hits="0"/>
						<line number="1499" hits="0"/>
						<line number="1501" hits="0"/>
						<line number="1503" hits="0"/>
						<line number="1511" hits="0"/>
						<line number="1512" hits="0"/>
						<line number="1515" hits="0"/>
						<line number="1517" hits="0"/>
						<line number="1520" hits="0"/>
						<line number="1522" hits="0"/>
						<line number="1530" hits="0"/>
						<line number="1532" hits="0"/>
						<line number="1533" hits="0"/>
						<line number="1534" hits="0"/>
						<line number="1535" hits="0"/>
						<line number="1536" hits="0"/>
						<line number="1537" hits="0"/>
						<line number="1540" hits="0"/>
						<line number="1541" hits="0"/>
						<line number="1544" hits="1"/>
						<line number="1548" hits="0"/>
						<line number="1549" hits="0"/>
						<line number="1551" hits="0"/>
						<line number="1552" hits="0"/>
						<line number="1564" hits="0"/>
						<line number="1566" hits="0"/>
						<line number="1573" hits="0"/>
						<line number="1574" hits="0"/>
						<line number="1576" hits="0"/>
						<line number="1577" hits="0"/>
						<line number="1578" hits="0"/>
						<line number="1579" hits="0"/>
						<line number="1582" hits="0"/>
						<line number="1593" hits="0"/>
						<line number="1595" hits="0"/>
						<line number="1596" hits="0"/>
						<line number="1597" hits="0"/>
						<line number="1598" hits="0"/>
						<line number="1599" hits="0"/>
						<line number="1600" hits="0"/>
						<line number="1603" hits="0"/>
						<line number="1604" hits="0"/>
						<line number="1606" hits="1"/>
						<line number="1616" hits="0"/>
						<line number="1617" hits="0"/>
						<line number="1619" hits="0"/>
						<line number="1621" hits="0"/>
						<line number="1628" hits="0"/>
						<line number="1629" hits="0"/>
						<line number="1631" hits="0"/>
						<line number="1636" hits="0"/>
						<line number="1637" hits="0"/>
						<line number="1638" hits="0"/>
						<line number="1639" hits="0"/>
						<line number="1641" hits="0"/>
						<line number="1646" hits="0"/>
						<line number="1647" hits="0"/>
						<line number="1648" hits="0"/>
						<line number="1649" hits="0"/>
						<line number="1650" hits="0"/>
						<line number="1653" hits="0"/>
						<line number="1654" hits="0"/>
						<line number="1656" hits="1"/>
						<line number="1660" hits="0"/>
						<line number="1661" hits="0"/>
						<line number="1663" hits="0"/>
						<line number="1665" hits="0"/>
						<line number="1673" hits="0"/>
						<line number="1674" hits="0"/>
						<line number="1675" hits="0"/>
						<line number="1676" hits="0"/>
						<line number="1678" hits="0"/>
						<line number="1679" hits="0"/>
						<line number="1680" hits="0"/>
						<line number="1683" hits="0"/>
						<line number="1684" hits="0"/>
						<line number="1686" hits="1"/>
						<line number="1694" hits="0"/>
						<line number="1695" hits="0"/>
						<line number="1696" hits="0"/>
						<line number="1697" hits="0"/>
						<line number="1698" hits="0"/>
						<line number="1700" hits="0"/>
						<line number="1712" hits="0"/>
						<line number="1714" hits="0"/>
						<line number="1722" hits="0"/>
						<line number="1723" hits="0"/>
						<line number="1725" hits="0"/>
						<line number="1726" hits="0"/>
						<line number="1732" hits="0"/>
						<line number="1733" hits="0"/>
						<line number="1736" hits="0"/>
						<line number="1747" hits="0"/>
						<line number="1749" hits="0"/>
						<line number="1750" hits="0"/>
						<line number="1751" hits="0"/>
						<line number="1752" hits="0"/>
						<line number="1753" hits="0"/>
						<line number="1754" hits="0"/>
						<line number="1757" hits="0"/>
						<line number="1758" hits="0"/>
						<line number="1760" hits="1"/>
						<line number="1762" hits="0"/>
						<line number="1763" hits="0"/>
						<line number="1765" hits="0"/>
						<line number="1767" hits="0"/>
						<line number="1775" hits="0"/>
						<line number="1776" hits="0"/>
						<line number="1779" hits="0"/>
						<line number="1781" hits="0"/>
						<line number="1787" hits="0"/>
						<line number="1789" hits="0"/>
						<line number="1801" hits="0"/>
						<line number="1803" hits="0"/>
						<line number="1804" hits="0"/>
						<line number="1805" hits="0"/>
						<line number="1806" hits="0"/>
						<line number="1807" hits="0"/>
						<line number="1808" hits="0"/>
						<line number="1811" hits="0"/>
						<line number="1812" hits="0"/>
						<line number="1815" hits="1"/>
						<line number="1820" hits="0"/>
						<line number="1821" hits="0"/>
						<line number="1823" hits="0"/>
						<line number="1824" hits="0"/>
						<line number="1825" hits="0"/>
						<line number="1826" hits="0"/>
						<line number="1827" hits="0"/>
						<line number="1839" hits="0"/>
						<line number="1841" hits="0"/>
						<line number="1848" hits="0"/>
						<line number="1849" hits="0"/>
						<line number="1851" hits="0"/>
						<line number="1852" hits="0"/>
						<line number="1853" hits="0"/>
						<line number="1854" hits="0"/>
						<line number="1857" hits="0"/>
						<line number="1868" hits="0"/>
						<line number="1870" hits="0"/>
						<line number="1871" hits="0"/>
						<line number="1872" hits="0"/>
						<line number="1873" hits="0"/>
						<line number="1874" hits="0"/>
						<line number="1875" hits="0"/>
						<line number="1878" hits="0"/>
						<line number="1879" hits="0"/>
						<line number="1881" hits="1"/>
						<line number="1890" hits="0"/>
						<line number="1891" hits="0"/>
						<line number="1893" hits="0"/>
						<line number="1895" hits="0"/>
						<line number="1902" hits="0"/>
						<line number="1903" hits="0"/>
						<line number="1905" hits="0"/>
						<line number="1910" hits="0"/>
						<line number="1911" hits="0"/>
						<line number="1913" hits="0"/>
						<line number="1918" hits="0"/>
						<line number="1919" hits="0"/>
						<line number="1920" hits="0"/>
						<line number="1921" hits="0"/>
						<line number="1922" hits="0"/>
						<line number="1925" hits="0"/>
						<line number="1926" hits="0"/>
						<line number="1928" hits="1"/>
						<line number="1932" hits="0"/>
						<line number="1933" hits="0"/>
						<line number="1935" hits="0"/>
						<line number="1937" hits="0"/>
						<line number="1945" hits="0"/>
						<line number="1946" hits="0"/>
						<line number="1947" hits="0"/>
						<line number="1948" hits="0"/>
						<line number="1949" hits="0"/>
						<line number="1950" hits="0"/>
						<line number="1951" hits="0"/>
						<line number="1954" hits="0"/>
						<line number="1955" hits="0"/>
						<line number="1957" hits="1"/>
						<line number="1961" hits="0"/>
						<line number="1962" hits="0"/>
						<line number="1963" hits="0"/>
						<line number="1964" hits="0"/>
						<line number="1965" hits="0"/>
						<line number="1967" hits="0"/>
						<line number="1979" hits="0"/>
						<line number="1981" hits="0"/>
						<line number="1989" hits="0"/>
						<line number="1990" hits="0"/>
						<line number="1992" hits="0"/>
						<line number="1993" hits="0"/>
						<line number="1999" hits="0"/>
						<line number="2000" hits="0"/>
						<line number="2003" hits="0"/>
						<line number="2014" hits="0"/>
						<line number="2016" hits="0"/>
						<line number="2017" hits="0"/>
						<line number="2018" hits="0"/>
						<line number="2019" hits="0"/>
						<line number="2020" hits="0"/>
						<line number="2021" hits="0"/>
						<line number="2024" hits="0"/>
						<line number="2025" hits="0"/>
						<line number="2027" hits="1"/>
						<line number="2029" hits="0"/>
						<line number="2030" hits="0"/>
						<line number="2032" hits="0"/>
						<line number="2034" hits="0"/>
						<line number="2042" hits="0"/>
						<line number="2043" hits="0"/>
						<line number="2046" hits="0"/>
						<line number="2048" hits="0"/>
						<line number="2054" hits="0"/>
						<line number="2056" hits="0"/>
						<line number="2064" hits="0"/>
						<line number="2066" hits="0"/>
						<line number="2067" hits="0"/>
						<line number="2068" hits="0"/>
						<line number="2069" hits="0"/>
						<line number="2070" hits="0"/>
						<line number="2071" hits="0"/>
						<line number="2074" hits="0"/>
						<line number="2075" hits="0"/>
						<line number="2078" hits="1"/>
						<line number="2083" hits="0"/>
						<line number="2084" hits="0"/>
						<line number="2086" hits="0"/>
						<line number="2087" hits="0"/>
						<line number="2088" hits="0"/>
						<line number="2089" hits="0"/>
						<line number="2090" hits="0"/>
						<line number="2102" hits="0"/>
						<line number="2104" hits="0"/>
						<line number="2111" hits="0"/>
						<line number="2112" hits="0"/>
						<line number="2114" hits="0"/>
						<line number="2115" hits="0"/>
						<line number="2116" hits="0"/>
						<line number="2117" hits="0"/>
						<line number="2120" hits="0"/>
						<line number="2131" hits="0"/>
						<line number="2133" hits="0"/>
						<line number="2134" hits="0"/>
						<line number="2135" hits="0"/>
						<line number="2136" hits="0"/>
						<line number="2137" hits="0"/>
						<line number="2138" hits="0"/>
						<line number="2141" hits="0"/>
						<line number="2142" hits="0"/>
						<line number="2144" hits="1"/>
						<line number="2154" hits="0"/>
						<line number="2155" hits="0"/>
						<line number="2157" hits="0"/>
						<line number="2159" hits="0"/>
						<line number="2166" hits="0"/>
						<line number="2167" hits="0"/>
						<line number="2169" hits="0"/>
						<line number="2172" hits="0"/>
						<line number="2173" hits="0"/>
						<line number="2174" hits="0"/>
						<line number="2175" hits="0"/>
						<line number="2177" hits="0"/>
						<line number="2182" hits="0"/>
						<line number="2183" hits="0"/>
						<line number="2184" hits="0"/>
						<line number="2185" hits="0"/>
						<line number="2186" hits="0"/>
						<line number="2189" hits="0"/>
						<line number="2190" hits="0"/>
						<line number="2192" hits="1"/>
						<line number="2194" hits="0"/>
						<line number="2195" hits="0"/>
						<line number="2197" hits="0"/>
						<line number="2199" hits="0"/>
						<line number="2207" hits="0"/>
						<line number="2208" hits="0"/>
						<line number="2209" hits="0"/>
						<line number="2210" hits="0"/>
						<line number="2211" hits="0"/>
						<line number="2212" hits="0"/>
						<line number="2213" hits="0"/>
						<line number="2216" hits="0"/>
						<line number="2217" hits="0"/>
						<line number="2219" hits="1"/>
						<line number="2223" hits="0"/>
						<line number="2224" hits="0"/>
						<line number="2225" hits="0"/>
						<line number="2226" hits="0"/>
						<line number="2227" hits="0"/>
						<line number="2229" hits="0"/>
						<line number="2241" hits="0"/>
						<line number="2243" hits="0"/>
						<line number="2251" hits="0"/>
						<line number="2252" hits="0"/>
						<line number="2254" hits="0"/>
						<line number="2255" hits="0"/>
						<line number="2261" hits="0"/>
						<line number="2262" hits="0"/>
						<line number="2265" hits="0"/>
						<line number="2276" hits="0"/>
						<line number="2278" hits="0"/>
						<line number="2279" hits="0"/>
						<line number="2280" hits="0"/>
						<line number="2281" hits="0"/>
						<line number="2282" hits="0"/>
						<line number="2283" hits="0"/>
						<line number="2286" hits="0"/>
						<line number="2287" hits="0"/>
						<line number="2289" hits="1"/>
						<line number="2291" hits="0"/>
						<line number="2292" hits="0"/>
						<line number="2294" hits="0"/>
						<line number="2296" hits="0"/>
						<line number="2304" hits="0"/>
						<line number="2305" hits="0"/>
						<line number="2308" hits="0"/>
						<line number="2310" hits="0"/>
						<line number="2316" hits="0"/>
						<line number="2318" hits="0"/>
						<line number="2330" hits="0"/>
						<line number="2332" hits="0"/>
						<line number="2333" hits="0"/>
						<line number="2334" hits="0"/>
						<line number="2335" hits="0"/>
						<line number="2336" hits="0"/>
						<line number="2337" hits="0"/>
						<line number="2340" hits="0"/>
						<line number="2341" hits="0"/>
						<line number="2344" hits="1"/>
						<line number="2349" hits="0"/>
						<line number="2350" hits="0"/>
						<line number="2352" hits="0"/>
						<line number="2353" hits="0"/>
						<line number="2354" hits="0"/>
						<line number="2355" hits="0"/>
						<line number="2356" hits="0"/>
						<line number="2367" hits="0"/>
						<line number="2369" hits="0"/>
						<line number="2376" hits="0"/>
						<line number="2377" hits="0"/>
						<line number="2379" hits="0"/>
						<line number="2380" hits="0"/>
						<line number="2381" hits="0"/>
						<line number="2382" hits="0"/>
						<line number="2385" hits="0"/>
						<line number="2396" hits="0"/>
						<line number="2398" hits="0"/>
						<line number="2399" hits="0"/>
						<line number="2400" hits="0"/>
						<line number="2401" hits="0"/>
						<line number="2402" hits="0"/>
						<line number="2403" hits="0"/>
						<line number="2406" hits="0"/>
						<line number="2407" hits="0"/>
						<line number="2409" hits="1"/>
						<line number="2419" hits="0"/>
						<line number="2420" hits="0"/>
						<line number="2422" hits="0"/>
						<line number="2424" hits="0"/>
						<line number="2431" hits="0"/>
						<line number="2432" hits="0"/>
						<line number="2434" hits="0"/>
						<line number="2439" hits="0"/>
						<line number="2440" hits="0"/>
						<line number="2441" hits="0"/>
						<line number="2442" hits="0"/>
						<line number="2444" hits="0"/>
						<line number="2449" hits="0"/>
						<line number="2450" hits="0"/>
						<line number="2451" hits="0"/>
						<line number="2452" hits="0"/>
						<line number="2453" hits="0"/>
						<line number="2456" hits="0"/>
						<line number="2457" hits="0"/>
						<line number="2459" hits="1"/>
						<line number="2463" hits="0"/>
						<line number="2464" hits="0"/>
						<line number="2466" hits="0"/>
						<line number="2468" hits="0"/>
						<line number="2476" hits="0"/>
						<line number="2477" hits="0"/>
						<line number="2478" hits="0"/>
						<line number="2479" hits="0"/>
						<line number="2480" hits="0"/>
						<line number="2481" hits="0"/>
						<line number="2482" hits="0"/>
						<line number="2485" hits="0"/>
						<line number="2486" hits="0"/>
						<line number="2488" hits="1"/>
						<line number="2492" hits="0"/>
						<line number="2493" hits="0"/>
						<line number="2494" hits="0"/>
						<line number="2495" hits="0"/>
						<line number="2496" hits="0"/>
						<line number="2498" hits="0"/>
						<line number="2509" hits="0"/>
						<line number="2511" hits="0"/>
						<line number="2519" hits="0"/>
						<line number="2520" hits="0"/>
						<line number="2522" hits="0"/>
						<line number="2523" hits="0"/>
						<line number="2529" hits="0"/>
						<line number="2530" hits="0"/>
						<line number="2533" hits="0"/>
						<line number="2544" hits="0"/>
						<line number="2546" hits="0"/>
						<line number="2547" hits="0"/>
						<line number="2548" hits="0"/>
						<line number="2549" hits="0"/>
						<line number="2550" hits="0"/>
						<line number="2551" hits="0"/>
						<line number="2554" hits="0"/>
						<line number="2555" hits="0"/>
						<line number="2557" hits="1"/>
						<line number="2559" hits="0"/>
						<line number="2560" hits="0"/>
						<line number="2562" hits="0"/>
						<line number="2564" hits="0"/>
						<line number="2572" hits="0"/>
						<line number="2573" hits="0"/>
						<line number="2576" hits="0"/>
						<line number="2578" hits="0"/>
						<line number="2584" hits="0"/>
						<line number="2586" hits="0"/>
						<line number="2598" hits="0"/>
						<line number="2600" hits="0"/>
						<line number="2601" hits="0"/>
						<line number="2602" hits="0"/>
						<line number="2603" hits="0"/>
						<line number="2604" hits="0"/>
						<line number="2605" hits="0"/>
						<line number="2608" hits="0"/>
						<line number="2609" hits="0"/>
						<line number="2612" hits="1"/>
						<line number="2617" hits="0"/>
						<line number="2618" hits="0"/>
						<line number="2620" hits="0"/>
						<line number="2621" hits="0"/>
						<line number="2622" hits="0"/>
						<line number="2623" hits="0"/>
						<line number="2624" hits="0"/>
						<line number="2635" hits="0"/>
						<line number="2637" hits="0"/>
						<line number="2645" hits="0"/>
						<line number="2646" hits="0"/>
						<line number="2648" hits="0"/>
						<line number="2649" hits="0"/>
						<line number="2650" hits="0"/>
						<line number="2651" hits="0"/>
						<line number="2654" hits="0"/>
						<line number="2665" hits="0"/>
						<line number="2667" hits="0"/>
						<line number="2668" hits="0"/>
						<line number="2669" hits="0"/>
						<line number="2670" hits="0"/>
						<line number="2671" hits="0"/>
						<line number="2672" hits="0"/>
						<line number="2675" hits="0"/>
						<line number="2676" hits="0"/>
						<line number="2678" hits="1"/>
						<line number="2687" hits="0"/>
						<line number="2688" hits="0"/>
						<line number="2690" hits="0"/>
						<line number="2692" hits="0"/>
						<line number="2700" hits="0"/>
						<line number="2701" hits="0"/>
						<line number="2703" hits="0"/>
						<line number="2708" hits="0"/>
						<line number="2709" hits="0"/>
						<line number="2711" hits="0"/>
						<line number="2716" hits="0"/>
						<line number="2717" hits="0"/>
						<line number="2718" hits="0"/>
						<line number="2719" hits="0"/>
						<line number="2720" hits="0"/>
						<line number="2723" hits="0"/>
						<line number="2724" hits="0"/>
						<line number="2726" hits="1"/>
						<line number="2730" hits="0"/>
						<line number="2731" hits="0"/>
						<line number="2733" hits="0"/>
						<line number="2735" hits="0"/>
						<line number="2743" hits="0"/>
						<line number="2744" hits="0"/>
						<line number="2745" hits="0"/>
						<line number="2746" hits="0"/>
						<line number="2747" hits="0"/>
						<line number="2748" hits="0"/>
						<line number="2749" hits="0"/>
						<line number="2752" hits="0"/>
						<line number="2753" hits="0"/>
						<line number="2755" hits="1"/>
						<line number="2762" hits="0"/>
						<line number="2763" hits="0"/>
						<line number="2764" hits="0"/>
						<line number="2765" hits="0"/>
						<line number="2766" hits="0"/>
						<line number="2768" hits="0"/>
						<line number="2779" hits="0"/>
						<line number="2781" hits="0"/>
						<line number="2791" hits="0"/>
						<line number="2792" hits="0"/>
						<line number="2794" hits="0"/>
						<line number="2795" hits="0"/>
						<line number="2801" hits="0"/>
						<line number="2802" hits="0"/>
						<line number="2805" hits="0"/>
						<line number="2818" hits="0"/>
						<line number="2820" hits="0"/>
						<line number="2821" hits="0"/>
						<line number="2822" hits="0"/>
						<line number="2823" hits="0"/>
						<line number="2824" hits="0"/>
						<line number="2825" hits="0"/>
						<line number="2828" hits="0"/>
						<line number="2829" hits="0"/>
						<line number="2831" hits="1"/>
						<line number="2833" hits="0"/>
						<line number="2834" hits="0"/>
						<line number="2836" hits="0"/>
						<line number="2838" hits="0"/>
						<line number="2848" hits="0"/>
						<line number="2849" hits="0"/>
						<line number="2852" hits="0"/>
						<line number="2854" hits="0"/>
						<line number="2860" hits="0"/>
						<line number="2862" hits="0"/>
						<line number="2870" hits="0"/>
						<line number="2872" hits="0"/>
						<line number="2873" hits="0"/>
						<line number="2874" hits="0"/>
						<line number="2875" hits="0"/>
						<line number="2876" hits="0"/>
						<line number="2877" hits="0"/>
						<line number="2880" hits="0"/>
						<line number="2881" hits="0"/>
						<line number="2884" hits="1"/>
						<line number="2889" hits="0"/>
						<line number="2890" hits="0"/>
						<line number="2892" hits="0"/>
						<line number="2893" hits="0"/>
						<line number="2894" hits="0"/>
						<line number="2895" hits="0"/>
						<line number="2896" hits="0"/>
						<line number="2906" hits="0"/>
						<line number="2908" hits="0"/>
						<line number="2915" hits="0"/>
						<line number="2916" hits="0"/>
						<line number="2918" hits="0"/>
						<line number="2919" hits="0"/>
						<line number="2920" hits="0"/>
						<line number="2921" hits="0"/>
						<line number="2924" hits="0"/>
						<line number="2935" hits="0"/>
						<line number="2937" hits="0"/>
						<line number="2938" hits="0"/>
						<line number="2939" hits="0"/>
						<line number="2940" hits="0"/>
						<line number="2941" hits="0"/>
						<line number="2942" hits="0"/>
						<line number="2945" hits="0"/>
						<line number="2946" hits="0"/>
						<line number="2948" hits="1"/>
						<line number="2957" hits="0"/>
						<line number="2958" hits="0"/>
						<line number="2960" hits="0"/>
						<line number="2962" hits="0"/>
						<line number="2969" hits="0"/>
						<line number="2970" hits="0"/>
						<line number="2972" hits="0"/>
						<line number="2975" hits="0"/>
						<line number="2976" hits="0"/>
						<line number="2978" hits="0"/>
						<line number="2983" hits="0"/>
						<line number="2984" hits="0"/>
						<line number="2985" hits="0"/>
						<line number="2986" hits="0"/>
						<line number="2987" hits="0"/>
						<line number="2990" hits="0"/>
						<line number="2991" hits="0"/>
						<line number="2993" hits="1"/>
						<line number="2995" hits="0"/>
						<line number="2996" hits="0"/>
						<line number="2998" hits="0"/>
						<line number="3000" hits="0"/>
						<line number="3008" hits="0"/>
						<line number="3009" hits="0"/>
						<line number="3010" hits="0"/>
						<line number="3011" hits="0"/>
						<line number="3012" hits="0"/>
						<line number="3013" hits="0"/>
						<line number="3014" hits="0"/>
						<line number="3017" hits="0"/>
						<line number="3018" hits="0"/>
						<line number="3020" hits="1"/>
						<line number="3024" hits="0"/>
						<line number="3025" hits="0"/>
						<line number="3026" hits="0"/>
						<line number="3027" hits="0"/>
						<line number="3028" hits="0"/>
						<line number="3029" hits="0"/>
						<line number="3039" hits="0"/>
						<line number="3041" hits="0"/>
						<line number="3049" hits="0"/>
						<line number="3050" hits="0"/>
						<line number="3052" hits="0"/>
						<line number="3053" hits="0"/>
						<line number="3059" hits="0"/>
						<line number="3060" hits="0"/>
						<line number="3063" hits="0"/>
						<line number="3074" hits="0"/>
						<line number="3076" hits="0"/>
						<line number="3077" hits="0"/>
						<line number="3078" hits="0"/>
						<line number="3079" hits="0"/>
						<line number="3080" hits="0"/>
						<line number="3081" hits="0"/>
						<line number="3084" hits="0"/>
						<line number="3085" hits="0"/>
						<line number="3087" hits="1"/>
						<line number="3089" hits="0"/>
						<line number="3090" hits="0"/>
						<line number="3092" hits="0"/>
						<line number="3094" hits="0"/>
						<line number="3102" hits="0"/>
						<line number="3103" hits="0"/>
						<line number="3106" hits="0"/>
						<line number="3108" hits="0"/>
						<line number="3111" hits="0"/>
						<line number="3113" hits="0"/>
						<line number="3125" hits="0"/>
						<line number="3127" hits="0"/>
						<line number="3128" hits="0"/>
						<line number="3129" hits="0"/>
						<line number="3130" hits="0"/>
						<line number="3131" hits="0"/>
						<line number="3132" hits="0"/>
						<line number="3135" hits="0"/>
						<line number="3136" hits="0"/>
						<line number="3140" hits="1"/>
						<line number="3141" hits="1"/>
						<line number="3142" hits="0"/>
						<line number="3144" hits="0"/>
						<line number="3145" hits="0"/>
						<line number="3146" hits="0"/>
					</lines>
				</class>
				<class name="main.py" filename="main.py" complexity="0" line-rate="0.4218" branch-rate="0">
					<methods/>
					<lines>
						<line number="1" hits="1"/>
						<line number="2" hits="1"/>
						<line number="4" hits="1"/>
						<line number="5" hits="1"/>
						<line number="6" hits="1"/>
						<line number="7" hits="1"/>
						<line number="8" hits="1"/>
						<line number="9" hits="1"/>
						<line number="11" hits="1"/>
						<line number="16" hits="1"/>
						<line number="19" hits="1"/>
						<line number="66" hits="1"/>
						<line number="69" hits="1"/>
						<line number="76" hits="1"/>
						<line number="106" hits="1"/>
						<line number="107" hits="1"/>
						<line number="108" hits="1"/>
						<line number="111" hits="1"/>
						<line number="112" hits="1"/>
						<line number="113" hits="1"/>
						<line number="114" hits="1"/>
						<line number="117" hits="1"/>
						<line number="118" hits="1"/>
						<line number="119" hits="1"/>
						<line number="120" hits="1"/>
						<line number="123" hits="1"/>
						<line number="124" hits="1"/>
						<line number="125" hits="1"/>
						<line number="126" hits="1"/>
						<line number="127" hits="1"/>
						<line number="130" hits="1"/>
						<line number="131" hits="1"/>
						<line number="132" hits="1"/>
						<line number="136" hits="1"/>
						<line number="139" hits="1"/>
						<line number="140" hits="1"/>
						<line number="141" hits="1"/>
						<line number="144" hits="1"/>
						<line number="151" hits="0"/>
						<line number="152" hits="0"/>
						<line number="154" hits="0"/>
						<line number="157" hits="1"/>
						<line number="164" hits="1"/>
						<line number="165" hits="1"/>
						<line number="166" hits="1"/>
						<line number="167" hits="0"/>
						<line number="169" hits="0"/>
						<line number="170" hits="0"/>
						<line number="176" hits="1"/>
						<line number="177" hits="1"/>
						<line number="183" hits="1"/>
						<line number="184" hits="1"/>
						<line number="185" hits="1"/>
						<line number="188" hits="1"/>
						<line number="191" hits="1"/>
						<line number="200" hits="0"/>
						<line number="201" hits="0"/>
						<line number="207" hits="0"/>
						<line number="208" hits="0"/>
						<line number="209" hits="0"/>
						<line number="210" hits="0"/>
						<line number="215" hits="0"/>
						<line number="218" hits="1"/>
						<line number="225" hits="0"/>
						<line number="226" hits="0"/>
						<line number="227" hits="0"/>
						<line number="228" hits="0"/>
						<line number="229" hits="0"/>
						<line number="230" hits="0"/>
						<line number="233" hits="0"/>
						<line number="238" hits="1"/>
						<line number="245" hits="0"/>
						<line number="246" hits="0"/>
						<line number="247" hits="0"/>
						<line number="248" hits="0"/>
						<line number="249" hits="0"/>
						<line number="251" hits="0"/>
						<line number="257" hits="1"/>
						<line number="258" hits="1"/>
						<line number="259" hits="0"/>
						<line number="262" hits="0"/>
						<line number="263" hits="0"/>
						<line number="266" hits="0"/>
						<line number="274" hits="0"/>
						<line number="287" hits="1"/>
						<line number="288" hits="1"/>
						<line number="289" hits="0"/>
						<line number="292" hits="0"/>
						<line number="293" hits="0"/>
						<line number="294" hits="0"/>
						<line number="296" hits="0"/>
						<line number="307" hits="0"/>
						<line number="312" hits="1"/>
						<line number="313" hits="1"/>
						<line number="314" hits="0"/>
						<line number="325" hits="1"/>
						<line number="326" hits="1"/>
						<line number="328" hits="0"/>
						<line number="331" hits="1"/>
						<line number="332" hits="1"/>
						<line number="334" hits="0"/>
						<line number="342" hits="1"/>
						<line number="343" hits="1"/>
						<line number="348" hits="0"/>
						<line number="349" hits="0"/>
						<line number="351" hits="0"/>
						<line number="352" hits="0"/>
						<line number="353" hits="0"/>
						<line number="355" hits="0"/>
						<line number="358" hits="1"/>
						<line number="359" hits="1"/>
						<line number="365" hits="0"/>
						<line number="368" hits="1"/>
						<line number="369" hits="1"/>
						<line number="375" hits="0"/>
						<line number="378" hits="0"/>
						<line number="379" hits="0"/>
						<line number="380" hits="0"/>
						<line number="383" hits="1"/>
						<line number="384" hits="1"/>
						<line number="388" hits="0"/>
						<line number="389" hits="0"/>
						<line number="390" hits="0"/>
						<line number="396" hits="1"/>
						<line number="397" hits="1"/>
						<line number="404" hits="1"/>
						<line number="405" hits="1"/>
						<line number="407" hits="0"/>
						<line number="408" hits="0"/>
						<line number="409" hits="0"/>
						<line number="410" hits="0"/>
						<line number="413" hits="1"/>
						<line number="416" hits="1"/>
						<line number="425" hits="0"/>
						<line number="436" hits="1"/>
						<line number="439" hits="1"/>
						<line number="447" hits="0"/>
						<line number="448" hits="0"/>
						<line number="452" hits="0"/>
						<line number="453" hits="0"/>
						<line number="456" hits="1"/>
						<line number="457" hits="1"/>
						<line number="465" hits="0"/>
						<line number="466" hits="0"/>
						<line number="467" hits="0"/>
						<line number="468" hits="0"/>
						<line number="470" hits="0"/>
						<line number="476" hits="1"/>
						<line number="477" hits="1"/>
						<line number="484" hits="1"/>
						<line number="485" hits="1"/>
						<line number="487" hits="0"/>
						<line number="488" hits="0"/>
						<line number="489" hits="0"/>
						<line number="490" hits="0"/>
						<line number="491" hits="0"/>
						<line number="494" hits="1"/>
						<line number="495" hits="1"/>
						<line number="499" hits="0"/>
						<line number="502" hits="1"/>
						<line number="503" hits="1"/>
						<line number="510" hits="0"/>
						<line number="511" hits="0"/>
						<line number="515" hits="0"/>
						<line number="516" hits="0"/>
						<line number="519" hits="1"/>
						<line number="520" hits="1"/>
						<line number="524" hits="0"/>
						<line number="525" hits="0"/>
						<line number="526" hits="0"/>
						<line number="527" hits="0"/>
						<line number="533" hits="1"/>
						<line number="536" hits="1"/>
						<line number="540" hits="0"/>
						<line number="543" hits="1"/>
						<line number="547" hits="1"/>
						<line number="551" hits="0"/>
						<line number="557" hits="1"/>
						<line number="558" hits="1"/>
						<line number="562" hits="0"/>
						<line number="563" hits="0"/>
						<line number="566" hits="1"/>
						<line number="569" hits="1"/>
						<line number="575" hits="0"/>
						<line number="578" hits="0"/>
						<line number="579" hits="0"/>
						<line number="580" hits="0"/>
						<line number="583" hits="1"/>
						<line number="587" hits="1"/>
						<line number="593" hits="0"/>
						<line number="594" hits="0"/>
						<line number="600" hits="1"/>
						<line number="601" hits="1"/>
						<line number="607" hits="0"/>
						<line number="608" hits="0"/>
						<line number="614" hits="1"/>
						<line number="615" hits="1"/>
						<line number="623" hits="0"/>
						<line number="636" hits="1"/>
						<line number="637" hits="1"/>
						<line number="644" hits="0"/>
						<line number="645" hits="0"/>
						<line number="647" hits="0"/>
						<line number="648" hits="0"/>
						<line number="649" hits="0"/>
						<line number="650" hits="0"/>
						<line number="651" hits="0"/>
						<line number="654" hits="1"/>
						<line number="655" hits="1"/>
						<line number="663" hits="0"/>
						<line number="664" hits="0"/>
						<line number="674" hits="1"/>
						<line number="675" hits="1"/>
						<line number="679" hits="0"/>
						<line number="680" hits="0"/>
						<line number="681" hits="0"/>
						<line number="684" hits="1"/>
						<line number="685" hits="1"/>
						<line number="692" hits="0"/>
						<line number="693" hits="0"/>
						<line number="696" hits="0"/>
						<line number="697" hits="0"/>
						<line number="700" hits="1"/>
						<line number="701" hits="1"/>
						<line number="705" hits="0"/>
						<line number="706" hits="0"/>
						<line number="707" hits="0"/>
						<line number="708" hits="0"/>
						<line number="714" hits="1"/>
						<line number="715" hits="1"/>
						<line number="722" hits="0"/>
						<line number="723" hits="0"/>
						<line number="725" hits="0"/>
						<line number="726" hits="0"/>
						<line number="729" hits="0"/>
						<line number="730" hits="0"/>
						<line number="731" hits="0"/>
						<line number="734" hits="1"/>
						<line number="737" hits="1"/>
						<line number="746" hits="0"/>
						<line number="757" hits="1"/>
						<line number="761" hits="1"/>
						<line number="767" hits="0"/>
						<line number="770" hits="0"/>
						<line number="771" hits="0"/>
						<line number="774" hits="1"/>
						<line number="778" hits="1"/>
						<line number="785" hits="0"/>
						<line number="786" hits="0"/>
						<line number="792" hits="0"/>
						<line number="793" hits="0"/>
						<line number="796" hits="1"/>
						<line number="797" hits="1"/>
						<line number="803" hits="0"/>
						<line number="804" hits="0"/>
						<line number="805" hits="0"/>
						<line number="806" hits="0"/>
						<line number="812" hits="1"/>
						<line number="813" hits="1"/>
						<line number="820" hits="0"/>
						<line number="821" hits="0"/>
						<line number="823" hits="0"/>
						<line number="824" hits="0"/>
						<line number="825" hits="0"/>
						<line number="826" hits="0"/>
						<line number="829" hits="1"/>
						<line number="830" hits="1"/>
						<line number="838" hits="0"/>
						<line number="839" hits="0"/>
						<line number="849" hits="1"/>
						<line number="852" hits="1"/>
						<line number="856" hits="0"/>
						<line number="857" hits="0"/>
						<line number="858" hits="0"/>
						<line number="859" hits="0"/>
						<line number="862" hits="1"/>
						<line number="865" hits="1"/>
						<line number="872" hits="0"/>
						<line number="873" hits="0"/>
						<line number="876" hits="0"/>
						<line number="877" hits="0"/>
						<line number="880" hits="1"/>
						<line number="881" hits="1"/>
						<line number="885" hits="0"/>
						<line number="886" hits="0"/>
						<line number="887" hits="0"/>
						<line number="888" hits="0"/>
						<line number="889" hits="0"/>
						<line number="895" hits="1"/>
						<line number="896" hits="1"/>
						<line number="903" hits="0"/>
						<line number="904" hits="0"/>
						<line number="906" hits="0"/>
						<line number="907" hits="0"/>
						<line number="908" hits="0"/>
						<line number="909" hits="0"/>
						<line number="910" hits="0"/>
						<line number="913" hits="1"/>
						<line number="914" hits="1"/>
						<line number="923" hits="0"/>
						<line number="934" hits="1"/>
						<line number="937" hits="1"/>
						<line number="941" hits="0"/>
						<line number="942" hits="0"/>
						<line number="943" hits="0"/>
						<line number="946" hits="1"/>
						<line number="949" hits="1"/>
						<line number="956" hits="0"/>
						<line number="957" hits="0"/>
						<line number="960" hits="0"/>
						<line number="961" hits="0"/>
						<line number="964" hits="1"/>
						<line number="965" hits="1"/>
						<line number="969" hits="0"/>
						<line number="970" hits="0"/>
						<line number="971" hits="0"/>
						<line number="972" hits="0"/>
						<line number="978" hits="1"/>
						<line number="979" hits="1"/>
						<line number="986" hits="0"/>
						<line number="987" hits="0"/>
						<line number="989" hits="0"/>
						<line number="990" hits="0"/>
						<line number="991" hits="0"/>
						<line number="992" hits="0"/>
						<line number="993" hits="0"/>
						<line number="996" hits="1"/>
						<line number="997" hits="1"/>
						<line number="1006" hits="0"/>
						<line number="1017" hits="1"/>
						<line number="1020" hits="1"/>
						<line number="1024" hits="0"/>
						<line number="1025" hits="0"/>
						<line number="1026" hits="0"/>
						<line number="1027" hits="0"/>
						<line number="1030" hits="1"/>
						<line number="1033" hits="1"/>
						<line number="1040" hits="0"/>
						<line number="1041" hits="0"/>
						<line number="1044" hits="0"/>
						<line number="1045" hits="0"/>
						<line number="1048" hits="1"/>
						<line number="1049" hits="1"/>
						<line number="1053" hits="0"/>
						<line number="1054" hits="0"/>
						<line number="1055" hits="0"/>
						<line number="1056" hits="0"/>
						<line number="1062" hits="1"/>
						<line number="1066" hits="1"/>
						<line number="1074" hits="0"/>
						<line number="1075" hits="0"/>
						<line number="1077" hits="0"/>
						<line number="1078" hits="0"/>
						<line number="1079" hits="0"/>
						<line number="1082" hits="0"/>
						<line number="1083" hits="0"/>
						<line number="1084" hits="0"/>
						<line number="1087" hits="1"/>
						<line number="1091" hits="1"/>
						<line number="1104" hits="0"/>
						<line number="1105" hits="0"/>
						<line number="1106" hits="0"/>
						<line number="1116" hits="1"/>
						<line number="1120" hits="1"/>
						<line number="1130" hits="0"/>
						<line number="1131" hits="0"/>
						<line number="1132" hits="0"/>
						<line number="1134" hits="0"/>
						<line number="1135" hits="0"/>
						<line number="1138" hits="1"/>
						<line number="1142" hits="1"/>
						<line number="1150" hits="0"/>
						<line number="1151" hits="0"/>
						<line number="1152" hits="0"/>
						<line number="1155" hits="0"/>
						<line number="1156" hits="0"/>
						<line number="1159" hits="1"/>
						<line number="1160" hits="1"/>
						<line number="1167" hits="0"/>
						<line number="1168" hits="0"/>
						<line number="1169" hits="0"/>
						<line number="1170" hits="0"/>
						<line number="1171" hits="0"/>
						<line number="1177" hits="1"/>
						<line number="1178" hits="1"/>
						<line number="1185" hits="0"/>
						<line number="1186" hits="0"/>
						<line number="1188" hits="0"/>
						<line number="1189" hits="0"/>
						<line number="1190" hits="0"/>
						<line number="1191" hits="0"/>
						<line number="1192" hits="0"/>
						<line number="1195" hits="1"/>
						<line number="1196" hits="1"/>
						<line number="1204" hits="0"/>
						<line number="1214" hits="1"/>
						<line number="1215" hits="1"/>
						<line number="1219" hits="0"/>
						<line number="1220" hits="0"/>
						<line number="1221" hits="0"/>
						<line number="1224" hits="1"/>
						<line number="1225" hits="1"/>
						<line number="1232" hits="0"/>
						<line number="1233" hits="0"/>
						<line number="1236" hits="0"/>
						<line number="1237" hits="0"/>
						<line number="1240" hits="1"/>
						<line number="1241" hits="1"/>
						<line number="1245" hits="0"/>
						<line number="1246" hits="0"/>
						<line number="1247" hits="0"/>
						<line number="1248" hits="0"/>
						<line number="1251" hits="1"/>
						<line number="1252" hits="1"/>
						<line number="1253" hits="0"/>
						<line number="1256" hits="1"/>
						<line number="1257" hits="1"/>
						<line number="1258" hits="0"/>
						<line number="1267" hits="1"/>
						<line number="1268" hits="0"/>
						<line number="1269" hits="0"/>
						<line number="1270" hits="0"/>
					</lines>
				</class>
				<class name="models.py" filename="models.py" complexity="0" line-rate="0.9878" branch-rate="0">
					<methods/>
					<lines>
						<line number="1" hits="1"/>
						<line number="2" hits="1"/>
						<line number="3" hits="1"/>
						<line number="5" hits="1"/>
						<line number="9" hits="1"/>
						<line number="10" hits="1"/>
						<line number="11" hits="1"/>
						<line number="12" hits="1"/>
						<line number="16" hits="1"/>
						<line number="20" hits="1"/>
						<line number="22" hits="1"/>
						<line number="23" hits="1"/>
						<line number="24" hits="1"/>
						<line number="25" hits="1"/>
						<line number="26" hits="1"/>
						<line number="29" hits="1"/>
						<line number="30" hits="1"/>
						<line number="33" hits="1"/>
						<line number="34" hits="1"/>
						<line number="37" hits="1"/>
						<line number="44" hits="0"/>
						<line number="45" hits="0"/>
						<line number="46" hits="0"/>
						<line number="47" hits="0"/>
						<line number="50" hits="1"/>
						<line number="51" hits="1"/>
						<line number="55" hits="1"/>
						<line number="59" hits="1"/>
						<line number="60" hits="1"/>
						<line number="61" hits="1"/>
						<line number="62" hits="1"/>
						<line number="63" hits="1"/>
						<line number="64" hits="1"/>
						<line number="67" hits="1"/>
						<line number="70" hits="1"/>
						<line number="73" hits="1"/>
						<line number="74" hits="1"/>
						<line number="77" hits="1"/>
						<line number="78" hits="1"/>
						<line number="79" hits="1"/>
						<line number="83" hits="1"/>
						<line number="84" hits="1"/>
						<line number="85" hits="1"/>
						<line number="86" hits="1"/>
						<line number="89" hits="1"/>
						<line number="90" hits="1"/>
						<line number="93" hits="1"/>
						<line number="94" hits="1"/>
						<line number="97" hits="1"/>
						<line number="98" hits="1"/>
						<line number="99" hits="1"/>
						<line number="103" hits="1"/>
						<line number="104" hits="1"/>
						<line number="105" hits="1"/>
						<line number="106" hits="1"/>
						<line number="107" hits="1"/>
						<line number="108" hits="1"/>
						<line number="109" hits="1"/>
						<line number="110" hits="1"/>
						<line number="111" hits="1"/>
						<line number="114" hits="1"/>
						<line number="115" hits="1"/>
						<line number="118" hits="1"/>
						<line number="119" hits="1"/>
						<line number="122" hits="1"/>
						<line number="123" hits="1"/>
						<line number="124" hits="1"/>
						<line number="128" hits="1"/>
						<line number="129" hits="1"/>
						<line number="130" hits="1"/>
						<line number="131" hits="1"/>
						<line number="134" hits="1"/>
						<line number="135" hits="1"/>
						<line number="138" hits="1"/>
						<line number="139" hits="1"/>
						<line number="142" hits="1"/>
						<line number="143" hits="1"/>
						<line number="144" hits="1"/>
						<line number="148" hits="1"/>
						<line number="149" hits="1"/>
						<line number="152" hits="1"/>
						<line number="153" hits="1"/>
						<line number="156" hits="1"/>
						<line number="157" hits="1"/>
						<line number="160" hits="1"/>
						<line number="161" hits="1"/>
						<line number="162" hits="1"/>
						<line number="166" hits="1"/>
						<line number="167" hits="1"/>
						<line number="168" hits="1"/>
						<line number="169" hits="1"/>
						<line number="170" hits="1"/>
						<line number="171" hits="1"/>
						<line number="174" hits="1"/>
						<line number="175" hits="1"/>
						<line number="178" hits="1"/>
						<line number="179" hits="1"/>
						<line number="182" hits="1"/>
						<line number="183" hits="1"/>
						<line number="184" hits="1"/>
						<line number="188" hits="1"/>
						<line number="189" hits="1"/>
						<line number="190" hits="1"/>
						<line number="193" hits="1"/>
						<line number="194" hits="1"/>
						<line number="197" hits="1"/>
						<line number="198" hits="1"/>
						<line number="202" hits="1"/>
						<line number="203" hits="1"/>
						<line number="204" hits="1"/>
						<line number="205" hits="1"/>
						<line number="206" hits="1"/>
						<line number="209" hits="1"/>
						<line number="210" hits="1"/>
						<line number="213" hits="1"/>
						<line number="214" hits="1"/>
						<line number="218" hits="1"/>
						<line number="219" hits="1"/>
						<line number="220" hits="1"/>
						<line number="221" hits="1"/>
						<line number="222" hits="1"/>
						<line number="223" hits="1"/>
						<line number="224" hits="1"/>
						<line number="227" hits="1"/>
						<line number="228" hits="1"/>
						<line number="231" hits="1"/>
						<line number="232" hits="1"/>
						<line number="233" hits="1"/>
						<line number="237" hits="1"/>
						<line number="238" hits="1"/>
						<line number="239" hits="1"/>
						<line number="242" hits="1"/>
						<line number="243" hits="1"/>
						<line number="246" hits="1"/>
						<line number="247" hits="1"/>
						<line number="250" hits="1"/>
						<line number="251" hits="1"/>
						<line number="255" hits="1"/>
						<line number="256" hits="1"/>
						<line number="257" hits="1"/>
						<line number="258" hits="1"/>
						<line number="261" hits="1"/>
						<line number="262" hits="1"/>
						<line number="265" hits="1"/>
						<line number="266" hits="1"/>
						<line number="270" hits="1"/>
						<line number="271" hits="1"/>
						<line number="272" hits="1"/>
						<line number="275" hits="1"/>
						<line number="276" hits="1"/>
						<line number="279" hits="1"/>
						<line number="280" hits="1"/>
						<line number="281" hits="1"/>
						<line number="285" hits="1"/>
						<line number="286" hits="1"/>
						<line number="287" hits="1"/>
						<line number="288" hits="1"/>
						<line number="289" hits="1"/>
						<line number="290" hits="1"/>
						<line number="291" hits="1"/>
						<line number="292" hits="1"/>
						<line number="293" hits="1"/>
						<line number="294" hits="1"/>
						<line number="295" hits="1"/>
						<line number="296" hits="1"/>
						<line number="297" hits="1"/>
						<line number="298" hits="1"/>
						<line number="299" hits="1"/>
						<line number="302" hits="1"/>
						<line number="303" hits="1"/>
						<line number="306" hits="1"/>
						<line number="307" hits="1"/>
						<line number="310" hits="1"/>
						<line number="311" hits="1"/>
						<line number="312" hits="1"/>
						<line number="313" hits="1"/>
						<line number="317" hits="1"/>
						<line number="318" hits="1"/>
						<line number="319" hits="1"/>
						<line number="320" hits="1"/>
						<line number="321" hits="1"/>
						<line number="322" hits="1"/>
						<line number="323" hits="1"/>
						<line number="324" hits="1"/>
						<line number="325" hits="1"/>
						<line number="326" hits="1"/>
						<line number="327" hits="1"/>
						<line number="328" hits="1"/>
						<line number="329" hits="1"/>
						<line number="330" hits="1"/>
						<line number="333" hits="1"/>
						<line number="334" hits="1"/>
						<line number="337" hits="1"/>
						<line number="338" hits="1"/>
						<line number="341" hits="1"/>
						<line number="342" hits="1"/>
						<line number="343" hits="1"/>
						<line number="344" hits="1"/>
						<line number="348" hits="1"/>
						<line number="349" hits="1"/>
						<line number="350" hits="1"/>
						<line number="351" hits="1"/>
						<line number="352" hits="1"/>
						<line number="353" hits="1"/>
						<line number="354" hits="1"/>
						<line number="355" hits="1"/>
						<line number="356" hits="1"/>
						<line number="357" hits="1"/>
						<line number="358" hits="1"/>
						<line number="359" hits="1"/>
						<line number="362" hits="1"/>
						<line number="363" hits="1"/>
						<line number="366" hits="1"/>
						<line number="367" hits="1"/>
						<line number="370" hits="1"/>
						<line number="371" hits="1"/>
						<line number="372" hits="1"/>
						<line number="373" hits="1"/>
						<line number="377" hits="1"/>
						<line number="378" hits="1"/>
						<line number="379" hits="1"/>
						<line number="380" hits="1"/>
						<line number="381" hits="1"/>
						<line number="382" hits="1"/>
						<line number="383" hits="1"/>
						<line number="384" hits="1"/>
						<line number="385" hits="1"/>
						<line number="386" hits="1"/>
						<line number="387" hits="1"/>
						<line number="388" hits="1"/>
						<line number="389" hits="1"/>
						<line number="390" hits="1"/>
						<line number="391" hits="1"/>
						<line number="394" hits="1"/>
						<line number="395" hits="1"/>
						<line number="398" hits="1"/>
						<line number="399" hits="1"/>
						<line number="402" hits="1"/>
						<line number="403" hits="1"/>
						<line number="404" hits="1"/>
						<line number="405" hits="1"/>
						<line number="409" hits="1"/>
						<line number="410" hits="1"/>
						<line number="411" hits="1"/>
						<line number="412" hits="1"/>
						<line number="413" hits="1"/>
						<line number="414" hits="1"/>
						<line number="415" hits="1"/>
						<line number="416" hits="1"/>
						<line number="417" hits="1"/>
						<line number="420" hits="1"/>
						<line number="421" hits="1"/>
						<line number="422" hits="1"/>
						<line number="425" hits="1"/>
						<line number="426" hits="1"/>
						<line number="429" hits="1"/>
						<line number="430" hits="1"/>
						<line number="433" hits="1"/>
						<line number="434" hits="1"/>
						<line number="435" hits="1"/>
						<line number="436" hits="1"/>
						<line number="440" hits="1"/>
						<line number="441" hits="1"/>
						<line number="442" hits="1"/>
						<line number="443" hits="1"/>
						<line number="444" hits="1"/>
						<line number="445" hits="1"/>
						<line number="446" hits="1"/>
						<line number="447" hits="1"/>
						<line number="448" hits="1"/>
						<line number="449" hits="1"/>
						<line number="450" hits="1"/>
						<line number="451" hits="1"/>
						<line number="452" hits="1"/>
						<line number="453" hits="1"/>
						<line number="456" hits="1"/>
						<line number="457" hits="1"/>
						<line number="460" hits="1"/>
						<line number="461" hits="1"/>
						<line number="464" hits="1"/>
						<line number="465" hits="1"/>
						<line number="466" hits="1"/>
						<line number="470" hits="1"/>
						<line number="471" hits="1"/>
						<line number="472" hits="1"/>
						<line number="473" hits="1"/>
						<line number="474" hits="1"/>
						<line number="475" hits="1"/>
						<line number="476" hits="1"/>
						<line number="477" hits="1"/>
						<line number="478" hits="1"/>
						<line number="479" hits="1"/>
						<line number="480" hits="1"/>
						<line number="481" hits="1"/>
						<line number="482" hits="1"/>
						<line number="483" hits="1"/>
						<line number="484" hits="1"/>
						<line number="485" hits="1"/>
						<line number="486" hits="1"/>
						<line number="487" hits="1"/>
						<line number="488" hits="1"/>
						<line number="489" hits="1"/>
						<line number="490" hits="1"/>
						<line number="491" hits="1"/>
						<line number="494" hits="1"/>
						<line number="495" hits="1"/>
						<line number="498" hits="1"/>
						<line number="499" hits="1"/>
						<line number="502" hits="1"/>
						<line number="503" hits="1"/>
						<line number="504" hits="1"/>
						<line number="505" hits="1"/>
						<line number="509" hits="1"/>
						<line number="510" hits="1"/>
						<line number="511" hits="1"/>
						<line number="512" hits="1"/>
						<line number="515" hits="1"/>
						<line number="516" hits="1"/>
						<line number="520" hits="1"/>
						<line number="521" hits="1"/>
						<line number="522" hits="1"/>
						<line number="523" hits="1"/>
						<line number="524" hits="1"/>
						<line number="527" hits="1"/>
						<line number="528" hits="1"/>
						<line number="529" hits="1"/>
						<line number="530" hits="1"/>
						<line number="531" hits="1"/>
						<line number="532" hits="1"/>
					</lines>
				</class>
			</classes>
		</package>
		<package name="app" line-rate="1" branch-rate="0" complexity="0">
			<classes>
				<class name="__init__.py" filename="app/__init__.py" complexity="0" line-rate="1" branch-rate="0">
					<methods/>
					<lines/>
				</class>
			</classes>
		</package>
		<package name="app.config" line-rate="0.9545" branch-rate="0" complexity="0">
			<classes>
				<class name="__init__.py" filename="app/config/__init__.py" complexity="0" line-rate="1" branch-rate="0">
					<methods/>
					<lines>
						<line number="1" hits="1"/>
						<line number="3" hits="1"/>
					</lines>
				</class>
				<class name="settings.py" filename="app/config/settings.py" complexity="0" line-rate="0.95" branch-rate="0">
					<methods/>
					<lines>
						<line number="1" hits="1"/>
						<line number="2" hits="1"/>
						<line number="4" hits="1"/>
						<line number="5" hits="1"/>
						<line number="6" hits="1"/>
						<line number="9" hits="1"/>
						<line number="12" hits="1"/>
						<line number="18" hits="1"/>
						<line number="21" hits="1"/>
						<line number="22" hits="1"/>
						<line number="27" hits="1"/>
						<line number="28" hits="1"/>
						<line number="31" hits="1"/>
						<line number="32" hits="1"/>
						<line number="35" hits="1"/>
						<line number="36" hits="1"/>
						<line number="38" hits="1"/>
						<line number="42" hits="1"/>
						<line number="43" hits="1"/>
						<line number="51" hits="0"/>
					</lines>
				</class>
			</classes>
		</package>
		<package name="app.models" line-rate="1" branch-rate="0" complexity="0">
			<classes>
				<class name="__init__.py" filename="app/models/__init__.py" complexity="0" line-rate="1" branch-rate="0">
					<methods/>
					<lines>
						<line number="4" hits="1"/>
						<line number="19" hits="1"/>
						<line number="20" hits="1"/>
						<line number="22" hits="1"/>
					</lines>
				</class>
				<class name="auth_models.py" filename="app/models/auth_models.py" complexity="0" line-rate="1" branch-rate="0">
					<methods/>
					<lines>
						<line number="1" hits="1"/>
						<line number="3" hits="1"/>
						<line number="6" hits="1"/>
						<line number="10" hits="1"/>
						<line number="11" hits="1"/>
						<line number="13" hits="1"/>
						<line number="17" hits="1"/>
						<line number="18" hits="1"/>
						<line number="19" hits="1"/>
						<line number="21" hits="1"/>
						<line number="25" hits="1"/>
						<line number="26" hits="1"/>
						<line number="27" hits="1"/>
					</lines>
				</class>
				<class name="user_models.py" filename="app/models/user_models.py" complexity="0" line-rate="1" branch-rate="0">
					<methods/>
					<lines>
						<line number="1" hits="1"/>
						<line number="2" hits="1"/>
						<line number="4" hits="1"/>
						<line number="7" hits="1"/>
						<line number="12" hits="1"/>
						<line number="13" hits="1"/>
						<line number="14" hits="1"/>
						<line number="15" hits="1"/>
						<line number="16" hits="1"/>
						<line number="18" hits="1"/>
					</lines>
				</class>
			</classes>
		</package>
		<package name="app.repositories" line-rate="0.5111" branch-rate="0" complexity="0">
			<classes>
				<class name="__init__.py" filename="app/repositories/__init__.py" complexity="0" line-rate="1" branch-rate="0">
					<methods/>
					<lines>
						<line number="1" hits="1"/>
						<line number="2" hits="1"/>
						<line number="4" hits="1"/>
					</lines>
				</class>
				<class name="auth_repository.py" filename="app/repositories/auth_repository.py" complexity="0" line-rate="0.5333" branch-rate="0">
					<methods/>
					<lines>
						<line number="1" hits="1"/>
						<line number="2" hits="1"/>
						<line number="4" hits="1"/>
						<line number="7" hits="1"/>
						<line number="12" hits="1"/>
						<line number="13" hits="1"/>
						<line number="15" hits="0"/>
						<line number="17" hits="1"/>
						<line number="18" hits="1"/>
						<line number="20" hits="0"/>
						<line number="23" hits="1"/>
						<line number="28" hits="1"/>
						<line number="29" hits="0"/>
						<line number="31" hits="0"/>
						<line number="35" hits="1"/>
						<line number="37" hits="0"/>
						<line number="38" hits="0"/>
						<line number="40" hits="1"/>
						<line number="42" hits="0"/>
						<line number="44" hits="1"/>
						<line number="46" hits="0"/>
						<line number="48" hits="1"/>
						<line number="50" hits="0"/>
						<line number="51" hits="0"/>
						<line number="52" hits="0"/>
						<line number="53" hits="0"/>
						<line number="58" hits="1"/>
						<line number="60" hits="0"/>
						<line number="62" hits="1"/>
						<line number="64" hits="0"/>
					</lines>
				</class>
				<class name="user_repository.py" filename="app/repositories/user_repository.py" complexity="0" line-rate="0.4737" branch-rate="0">
					<methods/>
					<lines>
						<line number="1" hits="1"/>
						<line number="2" hits="1"/>
						<line number="4" hits="1"/>
						<line number="5" hits="1"/>
						<line number="8" hits="1"/>
						<line number="13" hits="1"/>
						<line number="14" hits="1"/>
						<line number="16" hits="0"/>
						<line number="18" hits="1"/>
						<line number="19" hits="1"/>
						<line number="21" hits="0"/>
						<line number="23" hits="1"/>
						<line number="24" hits="1"/>
						<line number="26" hits="0"/>
						<line number="28" hits="1"/>
						<line number="29" hits="1"/>
						<line number="31" hits="0"/>
						<line number="33" hits="1"/>
						<line number="34" hits="1"/>
						<line number="36" hits="0"/>
						<line number="38" hits="1"/>
						<line number="39" hits="1"/>
						<line number="41" hits="0"/>
						<line number="44" hits="1"/>
						<line number="49" hits="1"/>
						<line number="50" hits="0"/>
						<line number="52" hits="0"/>
						<line number="61" hits="1"/>
						<line number="63" hits="0"/>
						<line number="65" hits="1"/>
						<line number="67" hits="0"/>
						<line number="68" hits="0"/>
						<line number="69" hits="0"/>
						<line number="70" hits="0"/>
						<line number="72" hits="1"/>
						<line number="74" hits="0"/>
						<line number="76" hits="1"/>
						<line number="78" hits="0"/>
						<line number="79" hits="0"/>
						<line number="81" hits="0"/>
						<line number="82" hits="0"/>
						<line number="83" hits="0"/>
						<line number="85" hits="1"/>
						<line number="87" hits="0"/>
						<line number="88" hits="0"/>
						<line number="90" hits="0"/>
						<line number="91" hits="0"/>
						<line number="93" hits="1"/>
						<line number="95" hits="0"/>
						<line number="96" hits="0"/>
						<line number="97" hits="0"/>
						<line number="98" hits="0"/>
						<line number="99" hits="0"/>
						<line number="103" hits="1"/>
						<line number="105" hits="0"/>
						<line number="107" hits="1"/>
						<line number="109" hits="0"/>
					</lines>
				</class>
			</classes>
		</package>
		<package name="app.services" line-rate="0.3333" branch-rate="0" complexity="0">
			<classes>
				<class name="__init__.py" filename="app/services/__init__.py" complexity="0" line-rate="1" branch-rate="0">
					<methods/>
					<lines>
						<line number="1" hits="1"/>
						<line number="2" hits="1"/>
						<line number="3" hits="1"/>
						<line number="5" hits="1"/>
					</lines>
				</class>
				<class name="auth_service.py" filename="app/services/auth_service.py" complexity="0" line-rate="0.2558" branch-rate="0">
					<methods/>
					<lines>
						<line number="1" hits="1"/>
						<line number="3" hits="1"/>
						<line number="4" hits="1"/>
						<line number="5" hits="1"/>
						<line number="6" hits="1"/>
						<line number="9" hits="1"/>
						<line number="19" hits="1"/>
						<line number="25" hits="0"/>
						<line number="26" hits="0"/>
						<line number="27" hits="0"/>
						<line number="29" hits="1"/>
						<line number="42" hits="0"/>
						<line number="43" hits="0"/>
						<line number="44" hits="0"/>
						<line number="47" hits="0"/>
						<line number="48" hits="0"/>
						<line number="50" hits="0"/>
						<line number="51" hits="0"/>
						<line number="54" hits="0"/>
						<line number="55" hits="0"/>
						<line number="56" hits="0"/>
						<line number="58" hits="0"/>
						<line number="59" hits="0"/>
						<line number="62" hits="0"/>
						<line number="64" hits="0"/>
						<line number="66" hits="1"/>
						<line number="70" hits="0"/>
						<line number="72" hits="0"/>
						<line number="73" hits="0"/>
						<line number="76" hits="0"/>
						<line number="77" hits="0"/>
						<line number="78" hits="0"/>
						<line number="80" hits="1"/>
						<line number="88" hits="0"/>
						<line number="91" hits="0"/>
						<line number="92" hits="0"/>
						<line number="93" hits="0"/>
						<line number="95" hits="0"/>
						<line number="98" hits="1"/>
						<line number="102" hits="0"/>
						<line number="103" hits="0"/>
						<line number="104" hits="0"/>
						<line number="105" hits="0"/>
					</lines>
				</class>
				<class name="token_service.py" filename="app/services/token_service.py" complexity="0" line-rate="0.3119" branch-rate="0">
					<methods/>
					<lines>
						<line number="1" hits="1"/>
						<line number="2" hits="1"/>
						<line number="3" hits="1"/>
						<line number="4" hits="1"/>
						<line number="5" hits="1"/>
						<line number="6" hits="1"/>
						<line number="7" hits="1"/>
						<line number="8" hits="1"/>
						<line number="9" hits="1"/>
						<line number="15" hits="1"/>
						<line number="18" hits="1"/>
						<line number="23" hits="1"/>
						<line number="24" hits="1"/>
						<line number="28" hits="0"/>
						<line number="30" hits="1"/>
						<line number="31" hits="1"/>
						<line number="33" hits="0"/>
						<line number="36" hits="1"/>
						<line number="41" hits="1"/>
						<line number="42" hits="0"/>
						<line number="44" hits="1"/>
						<line number="51" hits="0"/>
						<line number="53" hits="0"/>
						<line number="54" hits="0"/>
						<line number="55" hits="0"/>
						<line number="57" hits="0"/>
						<line number="65" hits="0"/>
						<line number="66" hits="0"/>
						<line number="69" hits="0"/>
						<line number="71" hits="1"/>
						<line number="73" hits="0"/>
						<line number="74" hits="0"/>
						<line number="76" hits="0"/>
						<line number="77" hits="0"/>
						<line number="80" hits="0"/>
						<line number="81" hits="0"/>
						<line number="83" hits="0"/>
						<line number="86" hits="1"/>
						<line number="95" hits="1"/>
						<line number="96" hits="0"/>
						<line number="98" hits="1"/>
						<line number="99" hits="1"/>
						<line number="100" hits="0"/>
						<line number="102" hits="1"/>
						<line number="103" hits="1"/>
						<line number="104" hits="0"/>
						<line number="105" hits="0"/>
						<line number="107" hits="1"/>
						<line number="110" hits="0"/>
						<line number="111" hits="0"/>
						<line number="112" hits="0"/>
						<line number="113" hits="0"/>
						<line number="115" hits="0"/>
						<line number="119" hits="0"/>
						<line number="121" hits="0"/>
						<line number="122" hits="0"/>
						<line number="123" hits="0"/>
						<line number="129" hits="0"/>
						<line number="132" hits="0"/>
						<line number="134" hits="1"/>
						<line number="135" hits="0"/>
						<line number="136" hits="0"/>
						<line number="137" hits="0"/>
						<line number="140" hits="0"/>
						<line number="142" hits="0"/>
						<line number="143" hits="0"/>
						<line number="147" hits="0"/>
						<line number="148" hits="0"/>
						<line number="149" hits="0"/>
						<line number="153" hits="0"/>
						<line number="155" hits="0"/>
						<line number="156" hits="0"/>
						<line number="158" hits="0"/>
						<line number="159" hits="0"/>
						<line number="160" hits="0"/>
						<line number="161" hits="0"/>
						<line number="164" hits="0"/>
						<line number="166" hits="0"/>
						<line number="167" hits="0"/>
						<line number="168" hits="0"/>
						<line number="169" hits="0"/>
						<line number="170" hits="0"/>
						<line number="172" hits="0"/>
						<line number="175" hits="1"/>
						<line number="180" hits="1"/>
						<line number="184" hits="0"/>
						<line number="189" hits="0"/>
						<line number="190" hits="0"/>
						<line number="191" hits="0"/>
						<line number="192" hits="0"/>
						<line number="194" hits="0"/>
						<line number="195" hits="0"/>
						<line number="197" hits="1"/>
						<line number="201" hits="0"/>
						<line number="203" hits="1"/>
						<line number="205" hits="0"/>
						<line number="207" hits="1"/>
						<line number="211" hits="0"/>
						<line number="212" hits="0"/>
						<line number="213" hits="0"/>
						<line number="215" hits="0"/>
						<line number="219" hits="1"/>
						<line number="221" hits="0"/>
						<line number="223" hits="1"/>
						<line number="225" hits="0"/>
						<line number="226" hits="0"/>
						<line number="227" hits="0"/>
						<line number="228" hits="0"/>
						<line number="229" hits="0"/>
					</lines>
				</class>
				<class name="user_service.py" filename="app/services/user_service.py" complexity="0" line-rate="0.4333" branch-rate="0">
					<methods/>
					<lines>
						<line number="1" hits="1"/>
						<line number="3" hits="1"/>
						<line number="4" hits="1"/>
						<line number="7" hits="1"/>
						<line number="12" hits="1"/>
						<line number="13" hits="0"/>
						<line number="15" hits="1"/>
						<line number="17" hits="0"/>
						<line number="19" hits="1"/>
						<line number="21" hits="0"/>
						<line number="23" hits="1"/>
						<line number="25" hits="0"/>
						<line number="27" hits="1"/>
						<line number="29" hits="0"/>
						<line number="31" hits="1"/>
						<line number="33" hits="0"/>
						<line number="35" hits="1"/>
						<line number="37" hits="0"/>
						<line number="39" hits="1"/>
						<line number="41" hits="0"/>
						<line number="42" hits="0"/>
						<line number="43" hits="0"/>
						<line number="45" hits="0"/>
						<line number="46" hits="0"/>
						<line number="48" hits="1"/>
						<line number="50" hits="0"/>
						<line number="51" hits="0"/>
						<line number="52" hits="0"/>
						<line number="54" hits="0"/>
						<line number="55" hits="0"/>
					</lines>
				</class>
			</classes>
		</package>
		<package name="app.utils" line-rate="0.3958" branch-rate="0" complexity="0">
			<classes>
				<class name="__init__.py" filename="app/utils/__init__.py" complexity="0" line-rate="1" branch-rate="0">
					<methods/>
					<lines>
						<line number="1" hits="1"/>
						<line number="3" hits="1"/>
					</lines>
				</class>
				<class name="dependencies.py" filename="app/utils/dependencies.py" complexity="0" line-rate="0.5385" branch-rate="0">
					<methods/>
					<lines>
						<line number="1" hits="1"/>
						<line number="2" hits="1"/>
						<line number="4" hits="1"/>
						<line number="5" hits="1"/>
						<line number="6" hits="1"/>
						<line number="7" hits="1"/>
						<line number="8" hits="1"/>
						<line number="14" hits="1"/>
						<line number="17" hits="1"/>
						<line number="19" hits="0"/>
						<line number="22" hits="1"/>
						<line number="24" hits="0"/>
						<line number="27" hits="1"/>
						<line number="29" hits="0"/>
						<line number="32" hits="1"/>
						<line number="38" hits="0"/>
						<line number="41" hits="1"/>
						<line number="43" hits="0"/>
						<line number="46" hits="1"/>
						<line number="54" hits="0"/>
						<line number="55" hits="0"/>
						<line number="61" hits="0"/>
						<line number="62" hits="0"/>
						<line number="63" hits="0"/>
						<line number="64" hits="0"/>
						<line number="66" hits="0"/>
					</lines>
				</class>
				<class name="supabase_adapter.py" filename="app/utils/supabase_adapter.py" complexity="0" line-rate="0.15" branch-rate="0">
					<methods/>
					<lines>
						<line number="12" hits="1"/>
						<line number="13" hits="1"/>
						<line number="16" hits="1"/>
						<line number="27" hits="0"/>
						<line number="28" hits="0"/>
						<line number="29" hits="0"/>
						<line number="30" hits="0"/>
						<line number="31" hits="0"/>
						<line number="32" hits="0"/>
						<line number="35" hits="0"/>
						<line number="43" hits="0"/>
						<line number="46" hits="0"/>
						<line number="47" hits="0"/>
						<line number="48" hits="0"/>
						<line number="49" hits="0"/>
						<line number="50" hits="0"/>
						<line number="51" hits="0"/>
						<line number="52" hits="0"/>
						<line number="55" hits="0"/>
						<line number="57" hits="0"/>
					</lines>
				</class>
			</classes>
		</package>
	</packages>
</coverage>
